<?xml version="1.0" encoding="UTF-8"?>
<testng-results ignored="0" total="6" passed="5" failed="1" skipped="0">
  <reporter-output>
  </reporter-output>
  <suite started-at="2023-12-12T12:26:09 EST" name="Suite" finished-at="2023-12-12T12:26:44 EST" duration-ms="34907">
    <groups>
    </groups>
    <test started-at="2023-12-12T12:26:09 EST" name="Test" finished-at="2023-12-12T12:26:44 EST" duration-ms="34907">
      <class name="com.qa.tutorialsninja.TestCases.CheckOutTest">
        <test-method is-config="true" signature="setup()[pri:0, instance:com.qa.tutorialsninja.TestCases.CheckOutTest@7ed7259e]" started-at="2023-12-12T12:26:36 EST" name="setup" finished-at="2023-12-12T12:26:39 EST" duration-ms="3714" status="PASS">
          <reporter-output>
          </reporter-output>
        </test-method> <!-- setup -->
        <test-method signature="verifyCheckout()[pri:1, instance:com.qa.tutorialsninja.TestCases.CheckOutTest@7ed7259e]" started-at="2023-12-12T12:26:39 EST" name="verifyCheckout" finished-at="2023-12-12T12:26:44 EST" duration-ms="4078" status="FAIL">
          <exception class="java.lang.AssertionError">
            <message>
              <![CDATA[expected [false] but found [true]]]>
            </message>
            <full-stacktrace>
              <![CDATA[java.lang.AssertionError: expected [false] but found [true]
at org.testng.Assert.fail(Assert.java:111)
at org.testng.Assert.failNotEquals(Assert.java:1578)
at org.testng.Assert.assertFalse(Assert.java:79)
at org.testng.Assert.assertFalse(Assert.java:89)
at com.qa.tutorialsninja.TestCases.CheckOutTest.verifyCheckout(CheckOutTest.java:46)
at java.base/jdk.internal.reflect.NativeMethodAccessorImpl.invoke0(Native Method)
at java.base/jdk.internal.reflect.NativeMethodAccessorImpl.invoke(NativeMethodAccessorImpl.java:77)
at java.base/jdk.internal.reflect.DelegatingMethodAccessorImpl.invoke(DelegatingMethodAccessorImpl.java:43)
at java.base/java.lang.reflect.Method.invoke(Method.java:568)
at org.testng.internal.invokers.MethodInvocationHelper.invokeMethod(MethodInvocationHelper.java:139)
at org.testng.internal.invokers.TestInvoker.invokeMethod(TestInvoker.java:664)
at org.testng.internal.invokers.TestInvoker.invokeTestMethod(TestInvoker.java:227)
at org.testng.internal.invokers.MethodRunner.runInSequence(MethodRunner.java:50)
at org.testng.internal.invokers.TestInvoker$MethodInvocationAgent.invoke(TestInvoker.java:957)
at org.testng.internal.invokers.TestInvoker.invokeTestMethods(TestInvoker.java:200)
at org.testng.internal.invokers.TestMethodWorker.invokeTestMethods(TestMethodWorker.java:148)
at org.testng.internal.invokers.TestMethodWorker.run(TestMethodWorker.java:128)
at java.base/java.util.ArrayList.forEach(ArrayList.java:1511)
at org.testng.TestRunner.privateRun(TestRunner.java:848)
at org.testng.TestRunner.run(TestRunner.java:621)
at org.testng.SuiteRunner.runTest(SuiteRunner.java:443)
at org.testng.SuiteRunner.runSequentially(SuiteRunner.java:437)
at org.testng.SuiteRunner.privateRun(SuiteRunner.java:397)
at org.testng.SuiteRunner.run(SuiteRunner.java:336)
at org.testng.SuiteRunnerWorker.runSuite(SuiteRunnerWorker.java:52)
at org.testng.SuiteRunnerWorker.run(SuiteRunnerWorker.java:95)
at org.testng.TestNG.runSuitesSequentially(TestNG.java:1280)
at org.testng.TestNG.runSuitesLocally(TestNG.java:1200)
at org.testng.TestNG.runSuites(TestNG.java:1114)
at org.testng.TestNG.run(TestNG.java:1082)
at org.apache.maven.surefire.testng.TestNGExecutor.run(TestNGExecutor.java:308)
at org.apache.maven.surefire.testng.TestNGXmlTestSuite.execute(TestNGXmlTestSuite.java:71)
at org.apache.maven.surefire.testng.TestNGProvider.invoke(TestNGProvider.java:113)
at org.apache.maven.surefire.booter.ForkedBooter.runSuitesInProcess(ForkedBooter.java:385)
at org.apache.maven.surefire.booter.ForkedBooter.execute(ForkedBooter.java:162)
at org.apache.maven.surefire.booter.ForkedBooter.run(ForkedBooter.java:507)
at org.apache.maven.surefire.booter.ForkedBooter.main(ForkedBooter.java:495)
]]>
            </full-stacktrace>
          </exception> <!-- java.lang.AssertionError -->
          <reporter-output>
          </reporter-output>
        </test-method> <!-- verifyCheckout -->
        <test-method is-config="true" signature="teardown()[pri:0, instance:com.qa.tutorialsninja.TestCases.CheckOutTest@7ed7259e]" started-at="2023-12-12T12:26:44 EST" name="teardown" finished-at="2023-12-12T12:26:44 EST" duration-ms="227" status="PASS">
          <reporter-output>
          </reporter-output>
        </test-method> <!-- teardown -->
      </class> <!-- com.qa.tutorialsninja.TestCases.CheckOutTest -->
      <class name="com.qa.tutorialsninja.TestCases.SearchProductTest">
        <test-method is-config="true" signature="setup()[pri:0, instance:com.qa.tutorialsninja.TestCases.SearchProductTest@481a996b]" started-at="2023-12-12T12:26:26 EST" name="setup" finished-at="2023-12-12T12:26:29 EST" duration-ms="3411" status="PASS">
          <reporter-output>
          </reporter-output>
        </test-method> <!-- setup -->
        <test-method signature="verifySearchWithValidProductsAndVerifyProductDetails()[pri:1, instance:com.qa.tutorialsninja.TestCases.SearchProductTest@481a996b]" started-at="2023-12-12T12:26:29 EST" name="verifySearchWithValidProductsAndVerifyProductDetails" finished-at="2023-12-12T12:26:30 EST" duration-ms="1483" status="PASS">
          <reporter-output>
          </reporter-output>
        </test-method> <!-- verifySearchWithValidProductsAndVerifyProductDetails -->
        <test-method is-config="true" signature="teardown()[pri:0, instance:com.qa.tutorialsninja.TestCases.SearchProductTest@481a996b]" started-at="2023-12-12T12:26:30 EST" name="teardown" finished-at="2023-12-12T12:26:31 EST" duration-ms="255" status="PASS">
          <reporter-output>
          </reporter-output>
        </test-method> <!-- teardown -->
      </class> <!-- com.qa.tutorialsninja.TestCases.SearchProductTest -->
      <class name="com.qa.tutorialsninja.TestCases.LoginTest">
        <test-method is-config="true" signature="setup()[pri:0, instance:com.qa.tutorialsninja.TestCases.LoginTest@1cbbffcd]" started-at="2023-12-12T12:26:15 EST" name="setup" finished-at="2023-12-12T12:26:18 EST" duration-ms="3863" status="PASS">
          <reporter-output>
          </reporter-output>
        </test-method> <!-- setup -->
        <test-method signature="verifyLoginWithValidCredentials()[pri:1, instance:com.qa.tutorialsninja.TestCases.LoginTest@1cbbffcd]" started-at="2023-12-12T12:26:18 EST" name="verifyLoginWithValidCredentials" finished-at="2023-12-12T12:26:19 EST" duration-ms="1086" status="PASS">
          <reporter-output>
          </reporter-output>
        </test-method> <!-- verifyLoginWithValidCredentials -->
        <test-method is-config="true" signature="teardown()[pri:0, instance:com.qa.tutorialsninja.TestCases.LoginTest@1cbbffcd]" started-at="2023-12-12T12:26:19 EST" name="teardown" finished-at="2023-12-12T12:26:20 EST" duration-ms="200" status="PASS">
          <reporter-output>
          </reporter-output>
        </test-method> <!-- teardown -->
      </class> <!-- com.qa.tutorialsninja.TestCases.LoginTest -->
      <class name="com.qa.tutorialsninja.TestCases.HomePageTest">
        <test-method is-config="true" signature="setup()[pri:0, instance:com.qa.tutorialsninja.TestCases.HomePageTest@e056f20]" started-at="2023-12-12T12:26:09 EST" name="setup" finished-at="2023-12-12T12:26:14 EST" duration-ms="4175" status="PASS">
          <reporter-output>
          </reporter-output>
        </test-method> <!-- setup -->
        <test-method signature="verifyHomePage()[pri:1, instance:com.qa.tutorialsninja.TestCases.HomePageTest@e056f20]" started-at="2023-12-12T12:26:14 EST" name="verifyHomePage" finished-at="2023-12-12T12:26:14 EST" duration-ms="498" status="PASS">
          <reporter-output>
          </reporter-output>
        </test-method> <!-- verifyHomePage -->
        <test-method is-config="true" signature="teardown()[pri:0, instance:com.qa.tutorialsninja.TestCases.HomePageTest@e056f20]" started-at="2023-12-12T12:26:14 EST" name="teardown" finished-at="2023-12-12T12:26:15 EST" duration-ms="479" status="PASS">
          <reporter-output>
          </reporter-output>
        </test-method> <!-- teardown -->
      </class> <!-- com.qa.tutorialsninja.TestCases.HomePageTest -->
      <class name="com.qa.tutorialsninja.TestCases.ShoppingCartTest">
        <test-method is-config="true" signature="setup()[pri:0, instance:com.qa.tutorialsninja.TestCases.ShoppingCartTest@3d51f06e]" started-at="2023-12-12T12:26:31 EST" name="setup" finished-at="2023-12-12T12:26:34 EST" duration-ms="3277" status="PASS">
          <reporter-output>
          </reporter-output>
        </test-method> <!-- setup -->
        <test-method signature="verifyShoppingCart()[pri:1, instance:com.qa.tutorialsninja.TestCases.ShoppingCartTest@3d51f06e]" started-at="2023-12-12T12:26:34 EST" name="verifyShoppingCart" finished-at="2023-12-12T12:26:36 EST" duration-ms="1575" status="PASS">
          <reporter-output>
          </reporter-output>
        </test-method> <!-- verifyShoppingCart -->
        <test-method is-config="true" signature="teardown()[pri:0, instance:com.qa.tutorialsninja.TestCases.ShoppingCartTest@3d51f06e]" started-at="2023-12-12T12:26:36 EST" name="teardown" finished-at="2023-12-12T12:26:36 EST" duration-ms="209" status="PASS">
          <reporter-output>
          </reporter-output>
        </test-method> <!-- teardown -->
      </class> <!-- com.qa.tutorialsninja.TestCases.ShoppingCartTest -->
      <class name="com.qa.tutorialsninja.TestCases.RegisterTest">
        <test-method is-config="true" signature="setup()[pri:0, instance:com.qa.tutorialsninja.TestCases.RegisterTest@27ce24aa]" started-at="2023-12-12T12:26:20 EST" name="setup" finished-at="2023-12-12T12:26:24 EST" duration-ms="4010" status="PASS">
          <reporter-output>
          </reporter-output>
        </test-method> <!-- setup -->
        <test-method signature="verifyRegisterWithValidCredentials()[pri:1, instance:com.qa.tutorialsninja.TestCases.RegisterTest@27ce24aa]" started-at="2023-12-12T12:26:24 EST" name="verifyRegisterWithValidCredentials" finished-at="2023-12-12T12:26:25 EST" duration-ms="1596" status="PASS">
          <reporter-output>
          </reporter-output>
        </test-method> <!-- verifyRegisterWithValidCredentials -->
        <test-method is-config="true" signature="teardown()[pri:0, instance:com.qa.tutorialsninja.TestCases.RegisterTest@27ce24aa]" started-at="2023-12-12T12:26:25 EST" name="teardown" finished-at="2023-12-12T12:26:26 EST" duration-ms="226" status="PASS">
          <reporter-output>
          </reporter-output>
        </test-method> <!-- teardown -->
      </class> <!-- com.qa.tutorialsninja.TestCases.RegisterTest -->
    </test> <!-- Test -->
  </suite> <!-- Suite -->
</testng-results>
