<?xml version="1.0" encoding="UTF-8"?>
<testng-results ignored="0" total="6" passed="5" failed="1" skipped="0">
  <reporter-output>
  </reporter-output>
  <suite started-at="2023-12-12T12:00:09 EST" name="Suite" finished-at="2023-12-12T12:00:46 EST" duration-ms="36716">
    <groups>
    </groups>
    <test started-at="2023-12-12T12:00:09 EST" name="Test" finished-at="2023-12-12T12:00:46 EST" duration-ms="36716">
      <class name="com.qa.tutorialsninja.TestCases.CheckOutTest">
        <test-method is-config="true" signature="setup()[pri:0, instance:com.qa.tutorialsninja.TestCases.CheckOutTest@63376bed]" started-at="2023-12-12T12:00:37 EST" name="setup" finished-at="2023-12-12T12:00:41 EST" duration-ms="4044" status="PASS">
          <reporter-output>
          </reporter-output>
        </test-method> <!-- setup -->
        <test-method signature="verifyCheckout()[pri:1, instance:com.qa.tutorialsninja.TestCases.CheckOutTest@63376bed]" started-at="2023-12-12T12:00:41 EST" name="verifyCheckout" finished-at="2023-12-12T12:00:45 EST" duration-ms="4086" status="FAIL">
          <exception class="java.lang.AssertionError">
            <message>
              <![CDATA[expected [false] but found [true]]]>
            </message>
            <full-stacktrace>
              <![CDATA[java.lang.AssertionError: expected [false] but found [true]
at org.testng.Assert.fail(Assert.java:111)
at org.testng.Assert.failNotEquals(Assert.java:1578)
at org.testng.Assert.assertFalse(Assert.java:79)
at org.testng.Assert.assertFalse(Assert.java:89)
at com.qa.tutorialsninja.TestCases.CheckOutTest.verifyCheckout(CheckOutTest.java:46)
at java.base/jdk.internal.reflect.NativeMethodAccessorImpl.invoke0(Native Method)
at java.base/jdk.internal.reflect.NativeMethodAccessorImpl.invoke(NativeMethodAccessorImpl.java:77)
at java.base/jdk.internal.reflect.DelegatingMethodAccessorImpl.invoke(DelegatingMethodAccessorImpl.java:43)
at java.base/java.lang.reflect.Method.invoke(Method.java:568)
at org.testng.internal.invokers.MethodInvocationHelper.invokeMethod(MethodInvocationHelper.java:139)
at org.testng.internal.invokers.TestInvoker.invokeMethod(TestInvoker.java:664)
at org.testng.internal.invokers.TestInvoker.invokeTestMethod(TestInvoker.java:227)
at org.testng.internal.invokers.MethodRunner.runInSequence(MethodRunner.java:50)
at org.testng.internal.invokers.TestInvoker$MethodInvocationAgent.invoke(TestInvoker.java:957)
at org.testng.internal.invokers.TestInvoker.invokeTestMethods(TestInvoker.java:200)
at org.testng.internal.invokers.TestMethodWorker.invokeTestMethods(TestMethodWorker.java:148)
at org.testng.internal.invokers.TestMethodWorker.run(TestMethodWorker.java:128)
at java.base/java.util.ArrayList.forEach(ArrayList.java:1511)
at org.testng.TestRunner.privateRun(TestRunner.java:848)
at org.testng.TestRunner.run(TestRunner.java:621)
at org.testng.SuiteRunner.runTest(SuiteRunner.java:443)
at org.testng.SuiteRunner.runSequentially(SuiteRunner.java:437)
at org.testng.SuiteRunner.privateRun(SuiteRunner.java:397)
at org.testng.SuiteRunner.run(SuiteRunner.java:336)
at org.testng.SuiteRunnerWorker.runSuite(SuiteRunnerWorker.java:52)
at org.testng.SuiteRunnerWorker.run(SuiteRunnerWorker.java:95)
at org.testng.TestNG.runSuitesSequentially(TestNG.java:1280)
at org.testng.TestNG.runSuitesLocally(TestNG.java:1200)
at org.testng.TestNG.runSuites(TestNG.java:1114)
at org.testng.TestNG.run(TestNG.java:1082)
at org.testng.remote.AbstractRemoteTestNG.run(AbstractRemoteTestNG.java:115)
at org.testng.remote.RemoteTestNG.initAndRun(RemoteTestNG.java:251)
at org.testng.remote.RemoteTestNG.main(RemoteTestNG.java:77)
]]>
            </full-stacktrace>
          </exception> <!-- java.lang.AssertionError -->
          <reporter-output>
          </reporter-output>
        </test-method> <!-- verifyCheckout -->
        <test-method is-config="true" signature="teardown()[pri:0, instance:com.qa.tutorialsninja.TestCases.CheckOutTest@63376bed]" started-at="2023-12-12T12:00:45 EST" name="teardown" finished-at="2023-12-12T12:00:46 EST" duration-ms="185" status="PASS">
          <reporter-output>
          </reporter-output>
        </test-method> <!-- teardown -->
      </class> <!-- com.qa.tutorialsninja.TestCases.CheckOutTest -->
      <class name="com.qa.tutorialsninja.TestCases.SearchProductTest">
        <test-method is-config="true" signature="setup()[pri:0, instance:com.qa.tutorialsninja.TestCases.SearchProductTest@738dc9b]" started-at="2023-12-12T12:00:28 EST" name="setup" finished-at="2023-12-12T12:00:31 EST" duration-ms="3453" status="PASS">
          <reporter-output>
          </reporter-output>
        </test-method> <!-- setup -->
        <test-method signature="verifySearchWithValidProductsAndVerifyProductDetails()[pri:1, instance:com.qa.tutorialsninja.TestCases.SearchProductTest@738dc9b]" started-at="2023-12-12T12:00:31 EST" name="verifySearchWithValidProductsAndVerifyProductDetails" finished-at="2023-12-12T12:00:33 EST" duration-ms="1541" status="PASS">
          <reporter-output>
          </reporter-output>
        </test-method> <!-- verifySearchWithValidProductsAndVerifyProductDetails -->
        <test-method is-config="true" signature="teardown()[pri:0, instance:com.qa.tutorialsninja.TestCases.SearchProductTest@738dc9b]" started-at="2023-12-12T12:00:33 EST" name="teardown" finished-at="2023-12-12T12:00:33 EST" duration-ms="195" status="PASS">
          <reporter-output>
          </reporter-output>
        </test-method> <!-- teardown -->
      </class> <!-- com.qa.tutorialsninja.TestCases.SearchProductTest -->
      <class name="com.qa.tutorialsninja.TestCases.LoginTest">
        <test-method is-config="true" signature="setup()[pri:0, instance:com.qa.tutorialsninja.TestCases.LoginTest@55a147cc]" started-at="2023-12-12T12:00:16 EST" name="setup" finished-at="2023-12-12T12:00:20 EST" duration-ms="4285" status="PASS">
          <reporter-output>
          </reporter-output>
        </test-method> <!-- setup -->
        <test-method signature="verifyLoginWithValidCredentials()[pri:1, instance:com.qa.tutorialsninja.TestCases.LoginTest@55a147cc]" started-at="2023-12-12T12:00:20 EST" name="verifyLoginWithValidCredentials" finished-at="2023-12-12T12:00:21 EST" duration-ms="1071" status="PASS">
          <reporter-output>
          </reporter-output>
        </test-method> <!-- verifyLoginWithValidCredentials -->
        <test-method is-config="true" signature="teardown()[pri:0, instance:com.qa.tutorialsninja.TestCases.LoginTest@55a147cc]" started-at="2023-12-12T12:00:21 EST" name="teardown" finished-at="2023-12-12T12:00:22 EST" duration-ms="179" status="PASS">
          <reporter-output>
          </reporter-output>
        </test-method> <!-- teardown -->
      </class> <!-- com.qa.tutorialsninja.TestCases.LoginTest -->
      <class name="com.qa.tutorialsninja.TestCases.HomePageTest">
        <test-method is-config="true" signature="setup()[pri:0, instance:com.qa.tutorialsninja.TestCases.HomePageTest@506ae4d4]" started-at="2023-12-12T12:00:09 EST" name="setup" finished-at="2023-12-12T12:00:15 EST" duration-ms="5845" status="PASS">
          <reporter-output>
          </reporter-output>
        </test-method> <!-- setup -->
        <test-method signature="verifyHomePage()[pri:1, instance:com.qa.tutorialsninja.TestCases.HomePageTest@506ae4d4]" started-at="2023-12-12T12:00:15 EST" name="verifyHomePage" finished-at="2023-12-12T12:00:16 EST" duration-ms="554" status="PASS">
          <reporter-output>
          </reporter-output>
        </test-method> <!-- verifyHomePage -->
        <test-method is-config="true" signature="teardown()[pri:0, instance:com.qa.tutorialsninja.TestCases.HomePageTest@506ae4d4]" started-at="2023-12-12T12:00:16 EST" name="teardown" finished-at="2023-12-12T12:00:16 EST" duration-ms="211" status="PASS">
          <reporter-output>
          </reporter-output>
        </test-method> <!-- teardown -->
      </class> <!-- com.qa.tutorialsninja.TestCases.HomePageTest -->
      <class name="com.qa.tutorialsninja.TestCases.ShoppingCartTest">
        <test-method is-config="true" signature="setup()[pri:0, instance:com.qa.tutorialsninja.TestCases.ShoppingCartTest@3c77d488]" started-at="2023-12-12T12:00:33 EST" name="setup" finished-at="2023-12-12T12:00:36 EST" duration-ms="3137" status="PASS">
          <reporter-output>
          </reporter-output>
        </test-method> <!-- setup -->
        <test-method signature="verifyShoppingCart()[pri:1, instance:com.qa.tutorialsninja.TestCases.ShoppingCartTest@3c77d488]" started-at="2023-12-12T12:00:36 EST" name="verifyShoppingCart" finished-at="2023-12-12T12:00:37 EST" duration-ms="726" status="PASS">
          <reporter-output>
          </reporter-output>
        </test-method> <!-- verifyShoppingCart -->
        <test-method is-config="true" signature="teardown()[pri:0, instance:com.qa.tutorialsninja.TestCases.ShoppingCartTest@3c77d488]" started-at="2023-12-12T12:00:37 EST" name="teardown" finished-at="2023-12-12T12:00:37 EST" duration-ms="301" status="PASS">
          <reporter-output>
          </reporter-output>
        </test-method> <!-- teardown -->
      </class> <!-- com.qa.tutorialsninja.TestCases.ShoppingCartTest -->
      <class name="com.qa.tutorialsninja.TestCases.RegisterTest">
        <test-method is-config="true" signature="setup()[pri:0, instance:com.qa.tutorialsninja.TestCases.RegisterTest@71ba6d4e]" started-at="2023-12-12T12:00:22 EST" name="setup" finished-at="2023-12-12T12:00:26 EST" duration-ms="4426" status="PASS">
          <reporter-output>
          </reporter-output>
        </test-method> <!-- setup -->
        <test-method signature="verifyRegisterWithValidCredentials()[pri:1, instance:com.qa.tutorialsninja.TestCases.RegisterTest@71ba6d4e]" started-at="2023-12-12T12:00:26 EST" name="verifyRegisterWithValidCredentials" finished-at="2023-12-12T12:00:28 EST" duration-ms="1602" status="PASS">
          <reporter-output>
          </reporter-output>
        </test-method> <!-- verifyRegisterWithValidCredentials -->
        <test-method is-config="true" signature="teardown()[pri:0, instance:com.qa.tutorialsninja.TestCases.RegisterTest@71ba6d4e]" started-at="2023-12-12T12:00:28 EST" name="teardown" finished-at="2023-12-12T12:00:28 EST" duration-ms="220" status="PASS">
          <reporter-output>
          </reporter-output>
        </test-method> <!-- teardown -->
      </class> <!-- com.qa.tutorialsninja.TestCases.RegisterTest -->
    </test> <!-- Test -->
  </suite> <!-- Suite -->
</testng-results>
